0 info it worked if it ends with ok
1 verbose cli [ '/usr/bin/node', '/usr/bin/npm', 'install' ]
2 info using npm@1.4.28
3 info using node@v0.10.37
4 verbose node symlink /usr/bin/node
5 verbose readDependencies using package.json deps
6 verbose install where, deps [ '/home/osboxes/nodetest1',
6 verbose install   [ 'body-parser',
6 verbose install     'cookie-parser',
6 verbose install     'debug',
6 verbose install     'express',
6 verbose install     'jade',
6 verbose install     'morgan',
6 verbose install     'serve-favicon' ] ]
7 info preinstall nodetest1@0.0.0
8 verbose readDependencies using package.json deps
9 verbose cache add [ 'body-parser@~1.13.2', null ]
10 verbose cache add name=undefined spec="body-parser@~1.13.2" args=["body-parser@~1.13.2",null]
11 verbose parsed url { protocol: null,
11 verbose parsed url   slashes: null,
11 verbose parsed url   auth: null,
11 verbose parsed url   host: null,
11 verbose parsed url   port: null,
11 verbose parsed url   hostname: null,
11 verbose parsed url   hash: null,
11 verbose parsed url   search: null,
11 verbose parsed url   query: null,
11 verbose parsed url   pathname: 'body-parser@~1.13.2',
11 verbose parsed url   path: 'body-parser@~1.13.2',
11 verbose parsed url   href: 'body-parser@~1.13.2' }
12 verbose cache add [ 'cookie-parser@~1.3.5', null ]
13 verbose cache add name=undefined spec="cookie-parser@~1.3.5" args=["cookie-parser@~1.3.5",null]
14 verbose parsed url { protocol: null,
14 verbose parsed url   slashes: null,
14 verbose parsed url   auth: null,
14 verbose parsed url   host: null,
14 verbose parsed url   port: null,
14 verbose parsed url   hostname: null,
14 verbose parsed url   hash: null,
14 verbose parsed url   search: null,
14 verbose parsed url   query: null,
14 verbose parsed url   pathname: 'cookie-parser@~1.3.5',
14 verbose parsed url   path: 'cookie-parser@~1.3.5',
14 verbose parsed url   href: 'cookie-parser@~1.3.5' }
15 verbose cache add [ 'debug@~2.2.0', null ]
16 verbose cache add name=undefined spec="debug@~2.2.0" args=["debug@~2.2.0",null]
17 verbose parsed url { protocol: null,
17 verbose parsed url   slashes: null,
17 verbose parsed url   auth: null,
17 verbose parsed url   host: null,
17 verbose parsed url   port: null,
17 verbose parsed url   hostname: null,
17 verbose parsed url   hash: null,
17 verbose parsed url   search: null,
17 verbose parsed url   query: null,
17 verbose parsed url   pathname: 'debug@~2.2.0',
17 verbose parsed url   path: 'debug@~2.2.0',
17 verbose parsed url   href: 'debug@~2.2.0' }
18 verbose cache add [ 'express@~4.13.1', null ]
19 verbose cache add name=undefined spec="express@~4.13.1" args=["express@~4.13.1",null]
20 verbose parsed url { protocol: null,
20 verbose parsed url   slashes: null,
20 verbose parsed url   auth: null,
20 verbose parsed url   host: null,
20 verbose parsed url   port: null,
20 verbose parsed url   hostname: null,
20 verbose parsed url   hash: null,
20 verbose parsed url   search: null,
20 verbose parsed url   query: null,
20 verbose parsed url   pathname: 'express@~4.13.1',
20 verbose parsed url   path: 'express@~4.13.1',
20 verbose parsed url   href: 'express@~4.13.1' }
21 verbose cache add [ 'jade@~1.11.0', null ]
22 verbose cache add name=undefined spec="jade@~1.11.0" args=["jade@~1.11.0",null]
23 verbose parsed url { protocol: null,
23 verbose parsed url   slashes: null,
23 verbose parsed url   auth: null,
23 verbose parsed url   host: null,
23 verbose parsed url   port: null,
23 verbose parsed url   hostname: null,
23 verbose parsed url   hash: null,
23 verbose parsed url   search: null,
23 verbose parsed url   query: null,
23 verbose parsed url   pathname: 'jade@~1.11.0',
23 verbose parsed url   path: 'jade@~1.11.0',
23 verbose parsed url   href: 'jade@~1.11.0' }
24 verbose cache add name="body-parser" spec="~1.13.2" args=["body-parser","~1.13.2"]
25 verbose parsed url { protocol: null,
25 verbose parsed url   slashes: null,
25 verbose parsed url   auth: null,
25 verbose parsed url   host: null,
25 verbose parsed url   port: null,
25 verbose parsed url   hostname: null,
25 verbose parsed url   hash: null,
25 verbose parsed url   search: null,
25 verbose parsed url   query: null,
25 verbose parsed url   pathname: '~1.13.2',
25 verbose parsed url   path: '~1.13.2',
25 verbose parsed url   href: '~1.13.2' }
26 verbose addNamed [ 'body-parser', '~1.13.2' ]
27 verbose addNamed [ null, '>=1.13.2-0 <1.14.0-0' ]
28 verbose cache add name="cookie-parser" spec="~1.3.5" args=["cookie-parser","~1.3.5"]
29 verbose parsed url { protocol: null,
29 verbose parsed url   slashes: null,
29 verbose parsed url   auth: null,
29 verbose parsed url   host: null,
29 verbose parsed url   port: null,
29 verbose parsed url   hostname: null,
29 verbose parsed url   hash: null,
29 verbose parsed url   search: null,
29 verbose parsed url   query: null,
29 verbose parsed url   pathname: '~1.3.5',
29 verbose parsed url   path: '~1.3.5',
29 verbose parsed url   href: '~1.3.5' }
30 verbose addNamed [ 'cookie-parser', '~1.3.5' ]
31 verbose addNamed [ null, '>=1.3.5-0 <1.4.0-0' ]
32 verbose cache add name="debug" spec="~2.2.0" args=["debug","~2.2.0"]
33 verbose parsed url { protocol: null,
33 verbose parsed url   slashes: null,
33 verbose parsed url   auth: null,
33 verbose parsed url   host: null,
33 verbose parsed url   port: null,
33 verbose parsed url   hostname: null,
33 verbose parsed url   hash: null,
33 verbose parsed url   search: null,
33 verbose parsed url   query: null,
33 verbose parsed url   pathname: '~2.2.0',
33 verbose parsed url   path: '~2.2.0',
33 verbose parsed url   href: '~2.2.0' }
34 verbose addNamed [ 'debug', '~2.2.0' ]
35 verbose addNamed [ null, '>=2.2.0-0 <2.3.0-0' ]
36 verbose cache add name="express" spec="~4.13.1" args=["express","~4.13.1"]
37 verbose parsed url { protocol: null,
37 verbose parsed url   slashes: null,
37 verbose parsed url   auth: null,
37 verbose parsed url   host: null,
37 verbose parsed url   port: null,
37 verbose parsed url   hostname: null,
37 verbose parsed url   hash: null,
37 verbose parsed url   search: null,
37 verbose parsed url   query: null,
37 verbose parsed url   pathname: '~4.13.1',
37 verbose parsed url   path: '~4.13.1',
37 verbose parsed url   href: '~4.13.1' }
38 verbose addNamed [ 'express', '~4.13.1' ]
39 verbose addNamed [ null, '>=4.13.1-0 <4.14.0-0' ]
40 verbose cache add name="jade" spec="~1.11.0" args=["jade","~1.11.0"]
41 verbose parsed url { protocol: null,
41 verbose parsed url   slashes: null,
41 verbose parsed url   auth: null,
41 verbose parsed url   host: null,
41 verbose parsed url   port: null,
41 verbose parsed url   hostname: null,
41 verbose parsed url   hash: null,
41 verbose parsed url   search: null,
41 verbose parsed url   query: null,
41 verbose parsed url   pathname: '~1.11.0',
41 verbose parsed url   path: '~1.11.0',
41 verbose parsed url   href: '~1.11.0' }
42 verbose addNamed [ 'jade', '~1.11.0' ]
43 verbose addNamed [ null, '>=1.11.0-0 <1.12.0-0' ]
44 verbose cache add [ 'morgan@~1.6.1', null ]
45 verbose cache add name=undefined spec="morgan@~1.6.1" args=["morgan@~1.6.1",null]
46 verbose parsed url { protocol: null,
46 verbose parsed url   slashes: null,
46 verbose parsed url   auth: null,
46 verbose parsed url   host: null,
46 verbose parsed url   port: null,
46 verbose parsed url   hostname: null,
46 verbose parsed url   hash: null,
46 verbose parsed url   search: null,
46 verbose parsed url   query: null,
46 verbose parsed url   pathname: 'morgan@~1.6.1',
46 verbose parsed url   path: 'morgan@~1.6.1',
46 verbose parsed url   href: 'morgan@~1.6.1' }
47 verbose cache add [ 'serve-favicon@~2.3.0', null ]
48 verbose cache add name=undefined spec="serve-favicon@~2.3.0" args=["serve-favicon@~2.3.0",null]
49 verbose parsed url { protocol: null,
49 verbose parsed url   slashes: null,
49 verbose parsed url   auth: null,
49 verbose parsed url   host: null,
49 verbose parsed url   port: null,
49 verbose parsed url   hostname: null,
49 verbose parsed url   hash: null,
49 verbose parsed url   search: null,
49 verbose parsed url   query: null,
49 verbose parsed url   pathname: 'serve-favicon@~2.3.0',
49 verbose parsed url   path: 'serve-favicon@~2.3.0',
49 verbose parsed url   href: 'serve-favicon@~2.3.0' }
50 silly lockFile 084551bf-body-parser-1-13-2 body-parser@~1.13.2
51 verbose lock body-parser@~1.13.2 /home/osboxes/.npm/084551bf-body-parser-1-13-2.lock
52 silly lockFile 34d2ac1d-cookie-parser-1-3-5 cookie-parser@~1.3.5
53 verbose lock cookie-parser@~1.3.5 /home/osboxes/.npm/34d2ac1d-cookie-parser-1-3-5.lock
54 silly lockFile 7986b842-debug-2-2-0 debug@~2.2.0
55 verbose lock debug@~2.2.0 /home/osboxes/.npm/7986b842-debug-2-2-0.lock
56 silly lockFile 0f2aa542-express-4-13-1 express@~4.13.1
57 verbose lock express@~4.13.1 /home/osboxes/.npm/0f2aa542-express-4-13-1.lock
58 silly lockFile 963bf43e-jade-1-11-0 jade@~1.11.0
59 verbose lock jade@~1.11.0 /home/osboxes/.npm/963bf43e-jade-1-11-0.lock
60 verbose cache add name="morgan" spec="~1.6.1" args=["morgan","~1.6.1"]
61 verbose parsed url { protocol: null,
61 verbose parsed url   slashes: null,
61 verbose parsed url   auth: null,
61 verbose parsed url   host: null,
61 verbose parsed url   port: null,
61 verbose parsed url   hostname: null,
61 verbose parsed url   hash: null,
61 verbose parsed url   search: null,
61 verbose parsed url   query: null,
61 verbose parsed url   pathname: '~1.6.1',
61 verbose parsed url   path: '~1.6.1',
61 verbose parsed url   href: '~1.6.1' }
62 verbose addNamed [ 'morgan', '~1.6.1' ]
63 verbose addNamed [ null, '>=1.6.1-0 <1.7.0-0' ]
64 silly lockFile 2ae14c84-morgan-1-6-1 morgan@~1.6.1
65 verbose lock morgan@~1.6.1 /home/osboxes/.npm/2ae14c84-morgan-1-6-1.lock
66 verbose cache add name="serve-favicon" spec="~2.3.0" args=["serve-favicon","~2.3.0"]
67 verbose parsed url { protocol: null,
67 verbose parsed url   slashes: null,
67 verbose parsed url   auth: null,
67 verbose parsed url   host: null,
67 verbose parsed url   port: null,
67 verbose parsed url   hostname: null,
67 verbose parsed url   hash: null,
67 verbose parsed url   search: null,
67 verbose parsed url   query: null,
67 verbose parsed url   pathname: '~2.3.0',
67 verbose parsed url   path: '~2.3.0',
67 verbose parsed url   href: '~2.3.0' }
68 verbose addNamed [ 'serve-favicon', '~2.3.0' ]
69 verbose addNamed [ null, '>=2.3.0-0 <2.4.0-0' ]
70 silly lockFile 6f0b849e-serve-favicon-2-3-0 serve-favicon@~2.3.0
71 verbose lock serve-favicon@~2.3.0 /home/osboxes/.npm/6f0b849e-serve-favicon-2-3-0.lock
72 silly addNameRange { name: 'body-parser',
72 silly addNameRange   range: '>=1.13.2-0 <1.14.0-0',
72 silly addNameRange   hasData: false }
73 silly addNameRange { name: 'cookie-parser',
73 silly addNameRange   range: '>=1.3.5-0 <1.4.0-0',
73 silly addNameRange   hasData: false }
74 silly addNameRange { name: 'debug', range: '>=2.2.0-0 <2.3.0-0', hasData: false }
75 silly addNameRange { name: 'express',
75 silly addNameRange   range: '>=4.13.1-0 <4.14.0-0',
75 silly addNameRange   hasData: false }
76 silly addNameRange { name: 'jade', range: '>=1.11.0-0 <1.12.0-0', hasData: false }
77 silly addNameRange { name: 'morgan', range: '>=1.6.1-0 <1.7.0-0', hasData: false }
78 silly addNameRange { name: 'serve-favicon',
78 silly addNameRange   range: '>=2.3.0-0 <2.4.0-0',
78 silly addNameRange   hasData: false }
79 verbose request where is /cookie-parser
80 verbose request registry https://registry.npmjs.org/
81 verbose request id 6038fda7adc859bb
82 verbose url raw /cookie-parser
83 verbose url resolving [ 'https://registry.npmjs.org/', './cookie-parser' ]
84 verbose url resolved https://registry.npmjs.org/cookie-parser
85 verbose request where is https://registry.npmjs.org/cookie-parser
86 info trying registry request attempt 1 at 16:51:00
87 http GET https://registry.npmjs.org/cookie-parser
88 verbose request where is /morgan
89 verbose request registry https://registry.npmjs.org/
90 verbose url raw /morgan
91 verbose url resolving [ 'https://registry.npmjs.org/', './morgan' ]
92 verbose url resolved https://registry.npmjs.org/morgan
93 verbose request where is https://registry.npmjs.org/morgan
94 info trying registry request attempt 1 at 16:51:00
95 http GET https://registry.npmjs.org/morgan
96 verbose request where is /serve-favicon
97 verbose request registry https://registry.npmjs.org/
98 verbose url raw /serve-favicon
99 verbose url resolving [ 'https://registry.npmjs.org/', './serve-favicon' ]
100 verbose url resolved https://registry.npmjs.org/serve-favicon
101 verbose request where is https://registry.npmjs.org/serve-favicon
102 info trying registry request attempt 1 at 16:51:00
103 http GET https://registry.npmjs.org/serve-favicon
104 verbose request where is /body-parser
105 verbose request registry https://registry.npmjs.org/
106 verbose url raw /body-parser
107 verbose url resolving [ 'https://registry.npmjs.org/', './body-parser' ]
108 verbose url resolved https://registry.npmjs.org/body-parser
109 verbose request where is https://registry.npmjs.org/body-parser
110 info trying registry request attempt 1 at 16:51:00
111 verbose etag "41W3BUAW2RUOUU2N8JITZHN6S"
112 http GET https://registry.npmjs.org/body-parser
113 verbose request where is /debug
114 verbose request registry https://registry.npmjs.org/
115 verbose url raw /debug
116 verbose url resolving [ 'https://registry.npmjs.org/', './debug' ]
117 verbose url resolved https://registry.npmjs.org/debug
118 verbose request where is https://registry.npmjs.org/debug
119 info trying registry request attempt 1 at 16:51:00
120 verbose etag "30LH2C8OO3ZE258MNXX7ZC2Q"
121 http GET https://registry.npmjs.org/debug
122 verbose request where is /express
123 verbose request registry https://registry.npmjs.org/
124 verbose url raw /express
125 verbose url resolving [ 'https://registry.npmjs.org/', './express' ]
126 verbose url resolved https://registry.npmjs.org/express
127 verbose request where is https://registry.npmjs.org/express
128 info trying registry request attempt 1 at 16:51:00
129 verbose etag "BTFB7VUO4KGKTR9C5DPLEP6C8"
130 http GET https://registry.npmjs.org/express
131 verbose request where is /jade
132 verbose request registry https://registry.npmjs.org/
133 verbose url raw /jade
134 verbose url resolving [ 'https://registry.npmjs.org/', './jade' ]
135 verbose url resolved https://registry.npmjs.org/jade
136 verbose request where is https://registry.npmjs.org/jade
137 info trying registry request attempt 1 at 16:51:00
138 verbose etag "55DIR30XS13DU52X1Q3FU0TSP"
139 http GET https://registry.npmjs.org/jade
140 http 200 https://registry.npmjs.org/cookie-parser
141 silly registry.get cb [ 200,
141 silly registry.get   { server: 'CouchDB/1.5.0 (Erlang OTP/R16B03)',
141 silly registry.get     etag: '"E98CDQC4HOGX6K0QNSILZB5G9"',
141 silly registry.get     'content-type': 'application/json',
141 silly registry.get     'cache-control': 'max-age=300',
141 silly registry.get     'content-length': '22309',
141 silly registry.get     'accept-ranges': 'bytes',
141 silly registry.get     date: 'Mon, 28 Mar 2016 15:51:00 GMT',
141 silly registry.get     via: '1.1 varnish',
141 silly registry.get     age: '77',
141 silly registry.get     connection: 'keep-alive',
141 silly registry.get     'x-served-by': 'cache-ord1726-ORD',
141 silly registry.get     'x-cache': 'HIT',
141 silly registry.get     'x-cache-hits': '1',
141 silly registry.get     'x-timer': 'S1459180260.385369,VS0,VE0',
141 silly registry.get     vary: 'Accept' } ]
142 http 200 https://registry.npmjs.org/serve-favicon
143 silly registry.get cb [ 200,
143 silly registry.get   { server: 'CouchDB/1.5.0 (Erlang OTP/R16B03)',
143 silly registry.get     etag: '"2JR1VRSB90S7X148M9UFOCAOT"',
143 silly registry.get     'content-type': 'application/json',
143 silly registry.get     'cache-control': 'max-age=300',
143 silly registry.get     'content-length': '24272',
143 silly registry.get     'accept-ranges': 'bytes',
143 silly registry.get     date: 'Mon, 28 Mar 2016 15:51:00 GMT',
143 silly registry.get     via: '1.1 varnish',
143 silly registry.get     age: '134',
143 silly registry.get     connection: 'keep-alive',
143 silly registry.get     'x-served-by': 'cache-ord1731-ORD',
143 silly registry.get     'x-cache': 'HIT',
143 silly registry.get     'x-cache-hits': '1',
143 silly registry.get     'x-timer': 'S1459180260.402429,VS0,VE0',
143 silly registry.get     vary: 'Accept' } ]
144 http 200 https://registry.npmjs.org/debug
145 silly registry.get cb [ 200,
145 silly registry.get   { server: 'CouchDB/1.5.0 (Erlang OTP/R16B03)',
145 silly registry.get     etag: '"BN2TZYBEZNEW8K7HBYJ45HOID"',
145 silly registry.get     'content-type': 'application/json',
145 silly registry.get     'cache-control': 'max-age=300',
145 silly registry.get     'content-length': '37050',
145 silly registry.get     'accept-ranges': 'bytes',
145 silly registry.get     date: 'Mon, 28 Mar 2016 15:51:00 GMT',
145 silly registry.get     via: '1.1 varnish',
145 silly registry.get     age: '128',
145 silly registry.get     connection: 'keep-alive',
145 silly registry.get     'x-served-by': 'cache-ord1741-ORD',
145 silly registry.get     'x-cache': 'HIT',
145 silly registry.get     'x-cache-hits': '9',
145 silly registry.get     'x-timer': 'S1459180260.382889,VS0,VE0',
145 silly registry.get     vary: 'Accept' } ]
146 http 200 https://registry.npmjs.org/morgan
147 silly registry.get cb [ 200,
147 silly registry.get   { server: 'CouchDB/1.5.0 (Erlang OTP/R16B03)',
147 silly registry.get     etag: '"9UHW8CA1KLRAYCNKWVU622PB6"',
147 silly registry.get     'content-type': 'application/json',
147 silly registry.get     'cache-control': 'max-age=300',
147 silly registry.get     'content-length': '45570',
147 silly registry.get     'accept-ranges': 'bytes',
147 silly registry.get     date: 'Mon, 28 Mar 2016 15:51:00 GMT',
147 silly registry.get     via: '1.1 varnish',
147 silly registry.get     age: '135',
147 silly registry.get     connection: 'keep-alive',
147 silly registry.get     'x-served-by': 'cache-ord1742-ORD',
147 silly registry.get     'x-cache': 'HIT',
147 silly registry.get     'x-cache-hits': '2',
147 silly registry.get     'x-timer': 'S1459180260.371749,VS0,VE0',
147 silly registry.get     vary: 'Accept' } ]
148 silly addNameRange number 2 { name: 'cookie-parser',
148 silly addNameRange   range: '>=1.3.5-0 <1.4.0-0',
148 silly addNameRange   hasData: true }
149 silly addNameRange versions [ 'cookie-parser',
149 silly addNameRange   [ '1.0.0',
149 silly addNameRange     '1.0.1',
149 silly addNameRange     '1.1.0',
149 silly addNameRange     '1.2.0',
149 silly addNameRange     '1.3.0',
149 silly addNameRange     '1.3.1',
149 silly addNameRange     '1.3.2',
149 silly addNameRange     '1.3.3',
149 silly addNameRange     '1.3.4',
149 silly addNameRange     '1.3.5',
149 silly addNameRange     '1.4.0',
149 silly addNameRange     '1.4.1' ] ]
150 verbose addNamed [ 'cookie-parser', '1.3.5' ]
151 verbose addNamed [ '1.3.5', '1.3.5' ]
152 silly lockFile b6f1abc3-cookie-parser-1-3-5 cookie-parser@1.3.5
153 verbose lock cookie-parser@1.3.5 /home/osboxes/.npm/b6f1abc3-cookie-parser-1-3-5.lock
154 silly addNameRange number 2 { name: 'serve-favicon',
154 silly addNameRange   range: '>=2.3.0-0 <2.4.0-0',
154 silly addNameRange   hasData: true }
155 silly addNameRange versions [ 'serve-favicon',
155 silly addNameRange   [ '2.0.0',
155 silly addNameRange     '2.0.1',
155 silly addNameRange     '2.1.0',
155 silly addNameRange     '2.1.1',
155 silly addNameRange     '2.1.2',
155 silly addNameRange     '2.1.3',
155 silly addNameRange     '2.1.4',
155 silly addNameRange     '2.1.5',
155 silly addNameRange     '2.1.6',
155 silly addNameRange     '2.1.7',
155 silly addNameRange     '2.2.0',
155 silly addNameRange     '2.2.1',
155 silly addNameRange     '2.3.0' ] ]
156 verbose addNamed [ 'serve-favicon', '2.3.0' ]
157 verbose addNamed [ '2.3.0', '2.3.0' ]
158 silly lockFile d210d889-serve-favicon-2-3-0 serve-favicon@2.3.0
159 verbose lock serve-favicon@2.3.0 /home/osboxes/.npm/d210d889-serve-favicon-2-3-0.lock
160 silly lockFile 4c901309-e-parser-cookie-parser-1-3-5-tgz https://registry.npmjs.org/cookie-parser/-/cookie-parser-1.3.5.tgz
161 verbose lock https://registry.npmjs.org/cookie-parser/-/cookie-parser-1.3.5.tgz /home/osboxes/.npm/4c901309-e-parser-cookie-parser-1-3-5-tgz.lock
162 silly addNameRange number 2 { name: 'debug', range: '>=2.2.0-0 <2.3.0-0', hasData: true }
163 silly addNameRange versions [ 'debug',
163 silly addNameRange   [ '0.0.1',
163 silly addNameRange     '0.1.0',
163 silly addNameRange     '0.2.0',
163 silly addNameRange     '0.3.0',
163 silly addNameRange     '0.4.0',
163 silly addNameRange     '0.4.1',
163 silly addNameRange     '0.5.0',
163 silly addNameRange     '0.6.0',
163 silly addNameRange     '0.7.0',
163 silly addNameRange     '0.7.1',
163 silly addNameRange     '0.7.2',
163 silly addNameRange     '0.7.3',
163 silly addNameRange     '0.7.4',
163 silly addNameRange     '0.8.0',
163 silly addNameRange     '0.8.1',
163 silly addNameRange     '1.0.0',
163 silly addNameRange     '1.0.1',
163 silly addNameRange     '1.0.2',
163 silly addNameRange     '1.0.3',
163 silly addNameRange     '1.0.4',
163 silly addNameRange     '2.0.0',
163 silly addNameRange     '2.1.0',
163 silly addNameRange     '2.1.1',
163 silly addNameRange     '2.1.2',
163 silly addNameRange     '2.1.3',
163 silly addNameRange     '2.2.0' ] ]
164 verbose addNamed [ 'debug', '2.2.0' ]
165 verbose addNamed [ '2.2.0', '2.2.0' ]
166 silly lockFile 82f99b48-debug-2-2-0 debug@2.2.0
167 verbose lock debug@2.2.0 /home/osboxes/.npm/82f99b48-debug-2-2-0.lock
168 silly lockFile 9e8d5f8a--favicon-serve-favicon-2-3-0-tgz https://registry.npmjs.org/serve-favicon/-/serve-favicon-2.3.0.tgz
169 verbose lock https://registry.npmjs.org/serve-favicon/-/serve-favicon-2.3.0.tgz /home/osboxes/.npm/9e8d5f8a--favicon-serve-favicon-2-3-0-tgz.lock
170 verbose addRemoteTarball [ 'https://registry.npmjs.org/cookie-parser/-/cookie-parser-1.3.5.tgz',
170 verbose addRemoteTarball   '9d755570fb5d17890771227a02314d9be7cf8356' ]
171 verbose addRemoteTarball [ 'https://registry.npmjs.org/serve-favicon/-/serve-favicon-2.3.0.tgz',
171 verbose addRemoteTarball   'aed36cc6834069a6f189cc7222c6a1a811dc5b39' ]
172 silly addNameRange number 2 { name: 'morgan', range: '>=1.6.1-0 <1.7.0-0', hasData: true }
173 silly addNameRange versions [ 'morgan',
173 silly addNameRange   [ '1.0.0',
173 silly addNameRange     '1.0.1',
173 silly addNameRange     '1.1.0',
173 silly addNameRange     '1.1.1',
173 silly addNameRange     '1.2.0',
173 silly addNameRange     '1.2.1',
173 silly addNameRange     '1.2.2',
173 silly addNameRange     '1.2.3',
173 silly addNameRange     '1.3.0',
173 silly addNameRange     '1.3.1',
173 silly addNameRange     '1.3.2',
173 silly addNameRange     '1.4.0',
173 silly addNameRange     '1.4.1',
173 silly addNameRange     '1.5.0',
173 silly addNameRange     '1.5.1',
173 silly addNameRange     '1.5.2',
173 silly addNameRange     '1.5.3',
173 silly addNameRange     '1.6.0',
173 silly addNameRange     '1.6.1',
173 silly addNameRange     '1.7.0' ] ]
174 verbose addNamed [ 'morgan', '1.6.1' ]
175 verbose addNamed [ '1.6.1', '1.6.1' ]
176 silly lockFile 4ffca82c-morgan-1-6-1 morgan@1.6.1
177 verbose lock morgan@1.6.1 /home/osboxes/.npm/4ffca82c-morgan-1-6-1.lock
178 http 304 https://registry.npmjs.org/body-parser
179 silly registry.get cb [ 304,
179 silly registry.get   { date: 'Mon, 28 Mar 2016 15:51:00 GMT',
179 silly registry.get     via: '1.1 varnish',
179 silly registry.get     'cache-control': 'max-age=300',
179 silly registry.get     etag: '"41W3BUAW2RUOUU2N8JITZHN6S"',
179 silly registry.get     age: '54',
179 silly registry.get     connection: 'keep-alive',
179 silly registry.get     'x-served-by': 'cache-ord1725-ORD',
179 silly registry.get     'x-cache': 'HIT',
179 silly registry.get     'x-cache-hits': '1',
179 silly registry.get     'x-timer': 'S1459180260.496128,VS0,VE0',
179 silly registry.get     vary: 'Accept' } ]
180 verbose etag https://registry.npmjs.org/body-parser from cache
181 silly lockFile 0ef8c228-pmjs-org-morgan-morgan-1-6-1-tgz https://registry.npmjs.org/morgan/-/morgan-1.6.1.tgz
182 verbose lock https://registry.npmjs.org/morgan/-/morgan-1.6.1.tgz /home/osboxes/.npm/0ef8c228-pmjs-org-morgan-morgan-1-6-1-tgz.lock
183 info retry fetch attempt 1 at 16:51:01
184 verbose fetch to= /tmp/npm-3807-eO5skt6a/registry.npmjs.org/serve-favicon/-/serve-favicon-2.3.0.tgz
185 verbose addRemoteTarball [ 'https://registry.npmjs.org/morgan/-/morgan-1.6.1.tgz',
185 verbose addRemoteTarball   '5fd818398c6819cba28a7cd6664f292fe1c0bbf2' ]
186 info retry fetch attempt 1 at 16:51:01
187 verbose fetch to= /tmp/npm-3807-eO5skt6a/registry.npmjs.org/cookie-parser/-/cookie-parser-1.3.5.tgz
188 http GET https://registry.npmjs.org/serve-favicon/-/serve-favicon-2.3.0.tgz
189 http GET https://registry.npmjs.org/cookie-parser/-/cookie-parser-1.3.5.tgz
190 info retry fetch attempt 1 at 16:51:01
191 verbose fetch to= /tmp/npm-3807-eO5skt6a/registry.npmjs.org/morgan/-/morgan-1.6.1.tgz
192 http GET https://registry.npmjs.org/morgan/-/morgan-1.6.1.tgz
193 silly lockFile 82f99b48-debug-2-2-0 debug@2.2.0
194 silly lockFile 82f99b48-debug-2-2-0 debug@2.2.0
195 silly lockFile 7986b842-debug-2-2-0 debug@~2.2.0
196 silly lockFile 7986b842-debug-2-2-0 debug@~2.2.0
197 silly addNameRange number 2 { name: 'body-parser',
197 silly addNameRange   range: '>=1.13.2-0 <1.14.0-0',
197 silly addNameRange   hasData: true }
198 silly addNameRange versions [ 'body-parser',
198 silly addNameRange   [ '1.0.0',
198 silly addNameRange     '1.0.1',
198 silly addNameRange     '1.0.2',
198 silly addNameRange     '1.1.0',
198 silly addNameRange     '1.1.1',
198 silly addNameRange     '1.1.2',
198 silly addNameRange     '1.2.0',
198 silly addNameRange     '1.2.1',
198 silly addNameRange     '1.2.2',
198 silly addNameRange     '1.3.0',
198 silly addNameRange     '1.3.1',
198 silly addNameRange     '1.4.0',
198 silly addNameRange     '1.4.1',
198 silly addNameRange     '1.4.2',
198 silly addNameRange     '1.4.3',
198 silly addNameRange     '1.5.0',
198 silly addNameRange     '1.5.1',
198 silly addNameRange     '1.5.2',
198 silly addNameRange     '1.6.0',
198 silly addNameRange     '1.6.1',
198 silly addNameRange     '1.6.2',
198 silly addNameRange     '1.6.3',
198 silly addNameRange     '1.6.4',
198 silly addNameRange     '1.6.5',
198 silly addNameRange     '1.6.6',
198 silly addNameRange     '1.6.7',
198 silly addNameRange     '1.7.0',
198 silly addNameRange     '1.8.0',
198 silly addNameRange     '1.8.1',
198 silly addNameRange     '1.8.2',
198 silly addNameRange     '1.8.3',
198 silly addNameRange     '1.8.4',
198 silly addNameRange     '1.9.0',
198 silly addNameRange     '1.9.1',
198 silly addNameRange     '1.9.2',
198 silly addNameRange     '1.9.3',
198 silly addNameRange     '1.10.0',
198 silly addNameRange     '1.10.1',
198 silly addNameRange     '1.10.2',
198 silly addNameRange     '1.11.0',
198 silly addNameRange     '1.12.0',
198 silly addNameRange     '1.12.1',
198 silly addNameRange     '1.12.2',
198 silly addNameRange     '1.12.3',
198 silly addNameRange     '1.12.4',
198 silly addNameRange     '1.13.0',
198 silly addNameRange     '1.13.1',
198 silly addNameRange     '1.13.2',
198 silly addNameRange     '1.13.3',
198 silly addNameRange     '1.14.0',
198 silly addNameRange     '1.14.1',
198 silly addNameRange     '1.14.2',
198 silly addNameRange     '1.15.0' ] ]
199 verbose addNamed [ 'body-parser', '1.13.3' ]
200 verbose addNamed [ '1.13.3', '1.13.3' ]
201 silly lockFile 33d87632-body-parser-1-13-3 body-parser@1.13.3
202 verbose lock body-parser@1.13.3 /home/osboxes/.npm/33d87632-body-parser-1-13-3.lock
203 silly lockFile 1aa5e187-dy-parser-body-parser-1-13-3-tgz https://registry.npmjs.org/body-parser/-/body-parser-1.13.3.tgz
204 verbose lock https://registry.npmjs.org/body-parser/-/body-parser-1.13.3.tgz /home/osboxes/.npm/1aa5e187-dy-parser-body-parser-1-13-3-tgz.lock
205 verbose addRemoteTarball [ 'https://registry.npmjs.org/body-parser/-/body-parser-1.13.3.tgz',
205 verbose addRemoteTarball   'c08cf330c3358e151016a05746f13f029c97fa97' ]
206 info retry fetch attempt 1 at 16:51:01
207 verbose fetch to= /tmp/npm-3807-eO5skt6a/registry.npmjs.org/body-parser/-/body-parser-1.13.3.tgz
208 http GET https://registry.npmjs.org/body-parser/-/body-parser-1.13.3.tgz
209 http 200 https://registry.npmjs.org/jade
210 silly registry.get cb [ 200,
210 silly registry.get   { server: 'CouchDB/1.5.0 (Erlang OTP/R16B03)',
210 silly registry.get     etag: '"67E22BHWHBYY1JYWT5H8JLAJ"',
210 silly registry.get     'content-type': 'application/json',
210 silly registry.get     'cache-control': 'max-age=300',
210 silly registry.get     'content-length': '148525',
210 silly registry.get     'accept-ranges': 'bytes',
210 silly registry.get     date: 'Mon, 28 Mar 2016 15:51:00 GMT',
210 silly registry.get     via: '1.1 varnish',
210 silly registry.get     age: '294',
210 silly registry.get     connection: 'keep-alive',
210 silly registry.get     'x-served-by': 'cache-ord1731-ORD',
210 silly registry.get     'x-cache': 'HIT',
210 silly registry.get     'x-cache-hits': '1',
210 silly registry.get     'x-timer': 'S1459180260.532397,VS0,VE0',
210 silly registry.get     vary: 'Accept' } ]
211 silly addNameRange number 2 { name: 'jade', range: '>=1.11.0-0 <1.12.0-0', hasData: true }
212 silly addNameRange versions [ 'jade',
212 silly addNameRange   [ '0.0.1',
212 silly addNameRange     '0.0.2',
212 silly addNameRange     '0.1.0',
212 silly addNameRange     '0.2.0',
212 silly addNameRange     '0.2.1',
212 silly addNameRange     '0.2.2',
212 silly addNameRange     '0.2.3',
212 silly addNameRange     '0.2.4',
212 silly addNameRange     '0.3.0',
212 silly addNameRange     '0.4.0',
212 silly addNameRange     '0.4.1',
212 silly addNameRange     '0.5.0',
212 silly addNameRange     '0.5.1',
212 silly addNameRange     '0.5.2',
212 silly addNameRange     '0.5.3',
212 silly addNameRange     '0.5.4',
212 silly addNameRange     '0.5.5',
212 silly addNameRange     '0.5.6',
212 silly addNameRange     '0.5.7',
212 silly addNameRange     '0.6.0',
212 silly addNameRange     '0.6.1',
212 silly addNameRange     '0.6.3',
212 silly addNameRange     '0.7.0',
212 silly addNameRange     '0.7.1',
212 silly addNameRange     '0.8.0',
212 silly addNameRange     '0.8.1',
212 silly addNameRange     '0.8.2',
212 silly addNameRange     '0.8.3',
212 silly addNameRange     '0.8.4',
212 silly addNameRange     '0.8.5',
212 silly addNameRange     '0.8.6',
212 silly addNameRange     '0.8.7',
212 silly addNameRange     '0.8.8',
212 silly addNameRange     '0.8.9',
212 silly addNameRange     '0.9.0',
212 silly addNameRange     '0.9.1',
212 silly addNameRange     '0.9.2',
212 silly addNameRange     '0.9.3',
212 silly addNameRange     '0.10.0',
212 silly addNameRange     '0.10.1',
212 silly addNameRange     '0.10.2',
212 silly addNameRange     '0.10.3',
212 silly addNameRange     '0.10.4',
212 silly addNameRange     '0.10.5',
212 silly addNameRange     '0.10.6',
212 silly addNameRange     '0.10.7',
212 silly addNameRange     '0.11.0',
212 silly addNameRange     '0.11.1',
212 silly addNameRange     '0.12.0',
212 silly addNameRange     '0.12.1',
212 silly addNameRange     '0.12.2',
212 silly addNameRange     '0.12.3',
212 silly addNameRange     '0.12.4',
212 silly addNameRange     '0.13.0',
212 silly addNameRange     '0.14.0',
212 silly addNameRange     '0.14.1',
212 silly addNameRange     '0.14.2',
212 silly addNameRange     '0.15.0',
212 silly addNameRange     '0.15.1',
212 silly addNameRange     '0.15.2',
212 silly addNameRange     '0.15.3',
212 silly addNameRange     '0.15.4',
212 silly addNameRange     '0.16.0',
212 silly addNameRange     '0.16.1',
212 silly addNameRange     '0.16.2',
212 silly addNameRange     '0.16.3',
212 silly addNameRange     '0.16.4',
212 silly addNameRange     '0.17.0',
212 silly addNameRange     '0.18.0',
212 silly addNameRange     '0.19.0',
212 silly addNameRange     '0.20.0',
212 silly addNameRange     '0.20.1',
212 silly addNameRange     '0.20.2',
212 silly addNameRange     '0.20.3',
212 silly addNameRange     '0.21.0',
212 silly addNameRange     '0.22.0',
212 silly addNameRange     '0.22.1',
212 silly addNameRange     '0.23.0',
212 silly addNameRange     '0.24.0',
212 silly addNameRange     '0.25.0',
212 silly addNameRange     '0.26.0',
212 silly addNameRange     '0.26.1',
212 silly addNameRange     '0.26.2',
212 silly addNameRange     '0.26.3',
212 silly addNameRange     '0.27.0',
212 silly addNameRange     '0.27.1',
212 silly addNameRange     '0.27.2',
212 silly addNameRange     '0.27.3',
212 silly addNameRange     '0.27.4',
212 silly addNameRange     '0.27.5',
212 silly addNameRange     '0.27.6',
212 silly addNameRange     '0.27.7',
212 silly addNameRange     '0.28.0',
212 silly addNameRange     '0.28.1',
212 silly addNameRange     '0.28.2',
212 silly addNameRange     '0.29.0',
212 silly addNameRange     '0.30.0',
212 silly addNameRange     '0.31.0',
212 silly addNameRange     '0.31.1',
212 silly addNameRange     '0.31.2',
212 silly addNameRange     '0.32.0',
212 silly addNameRange     '0.33.0',
212 silly addNameRange     '0.34.0',
212 silly addNameRange     '0.34.1',
212 silly addNameRange     '0.35.0',
212 silly addNameRange     '1.0.0',
212 silly addNameRange     '1.0.1',
212 silly addNameRange     '1.0.2',
212 silly addNameRange     '1.1.0',
212 silly addNameRange     '1.1.1',
212 silly addNameRange     '1.1.2',
212 silly addNameRange     '1.1.3',
212 silly addNameRange     '1.1.4',
212 silly addNameRange     '1.1.5',
212 silly addNameRange     '1.2.0',
212 silly addNameRange     '1.3.0',
212 silly addNameRange     '1.3.1',
212 silly addNameRange     '1.4.0',
212 silly addNameRange     '1.4.1',
212 silly addNameRange     '1.4.2',
212 silly addNameRange     '1.5.0',
212 silly addNameRange     '1.6.0',
212 silly addNameRange     '1.7.0',
212 silly addNameRange     '1.8.0',
212 silly addNameRange     '1.8.1',
212 silly addNameRange     '1.8.2',
212 silly addNameRange     '1.9.0',
212 silly addNameRange     '1.9.1',
212 silly addNameRange     '1.9.2',
212 silly addNameRange     '1.10.0',
212 silly addNameRange     '1.11.0' ] ]
213 verbose addNamed [ 'jade', '1.11.0' ]
214 verbose addNamed [ '1.11.0', '1.11.0' ]
215 silly lockFile 3da033ff-jade-1-11-0 jade@1.11.0
216 verbose lock jade@1.11.0 /home/osboxes/.npm/3da033ff-jade-1-11-0.lock
217 silly lockFile d7f8e295-y-npmjs-org-jade-jade-1-11-0-tgz https://registry.npmjs.org/jade/-/jade-1.11.0.tgz
218 verbose lock https://registry.npmjs.org/jade/-/jade-1.11.0.tgz /home/osboxes/.npm/d7f8e295-y-npmjs-org-jade-jade-1-11-0-tgz.lock
219 verbose addRemoteTarball [ 'https://registry.npmjs.org/jade/-/jade-1.11.0.tgz',
219 verbose addRemoteTarball   '9c80e538c12d3fb95c8d9bb9559fa0cc040405fd' ]
220 info retry fetch attempt 1 at 16:51:01
221 verbose fetch to= /tmp/npm-3807-eO5skt6a/registry.npmjs.org/jade/-/jade-1.11.0.tgz
222 http GET https://registry.npmjs.org/jade/-/jade-1.11.0.tgz
223 http 200 https://registry.npmjs.org/cookie-parser/-/cookie-parser-1.3.5.tgz
224 http 200 https://registry.npmjs.org/serve-favicon/-/serve-favicon-2.3.0.tgz
225 silly lockFile 4c901309-e-parser-cookie-parser-1-3-5-tgz https://registry.npmjs.org/cookie-parser/-/cookie-parser-1.3.5.tgz
226 silly lockFile 4c901309-e-parser-cookie-parser-1-3-5-tgz https://registry.npmjs.org/cookie-parser/-/cookie-parser-1.3.5.tgz
227 silly lockFile b6f1abc3-cookie-parser-1-3-5 cookie-parser@1.3.5
228 silly lockFile b6f1abc3-cookie-parser-1-3-5 cookie-parser@1.3.5
229 silly lockFile 34d2ac1d-cookie-parser-1-3-5 cookie-parser@~1.3.5
230 silly lockFile 34d2ac1d-cookie-parser-1-3-5 cookie-parser@~1.3.5
231 silly lockFile 9e8d5f8a--favicon-serve-favicon-2-3-0-tgz https://registry.npmjs.org/serve-favicon/-/serve-favicon-2.3.0.tgz
232 silly lockFile 9e8d5f8a--favicon-serve-favicon-2-3-0-tgz https://registry.npmjs.org/serve-favicon/-/serve-favicon-2.3.0.tgz
233 silly lockFile d210d889-serve-favicon-2-3-0 serve-favicon@2.3.0
234 silly lockFile d210d889-serve-favicon-2-3-0 serve-favicon@2.3.0
235 silly lockFile 6f0b849e-serve-favicon-2-3-0 serve-favicon@~2.3.0
236 silly lockFile 6f0b849e-serve-favicon-2-3-0 serve-favicon@~2.3.0
237 http 200 https://registry.npmjs.org/body-parser/-/body-parser-1.13.3.tgz
238 silly lockFile 1aa5e187-dy-parser-body-parser-1-13-3-tgz https://registry.npmjs.org/body-parser/-/body-parser-1.13.3.tgz
239 silly lockFile 1aa5e187-dy-parser-body-parser-1-13-3-tgz https://registry.npmjs.org/body-parser/-/body-parser-1.13.3.tgz
240 silly lockFile 33d87632-body-parser-1-13-3 body-parser@1.13.3
241 silly lockFile 33d87632-body-parser-1-13-3 body-parser@1.13.3
242 silly lockFile 084551bf-body-parser-1-13-2 body-parser@~1.13.2
243 silly lockFile 084551bf-body-parser-1-13-2 body-parser@~1.13.2
244 http 200 https://registry.npmjs.org/morgan/-/morgan-1.6.1.tgz
245 silly lockFile 0ef8c228-pmjs-org-morgan-morgan-1-6-1-tgz https://registry.npmjs.org/morgan/-/morgan-1.6.1.tgz
246 silly lockFile 0ef8c228-pmjs-org-morgan-morgan-1-6-1-tgz https://registry.npmjs.org/morgan/-/morgan-1.6.1.tgz
247 silly lockFile 4ffca82c-morgan-1-6-1 morgan@1.6.1
248 silly lockFile 4ffca82c-morgan-1-6-1 morgan@1.6.1
249 silly lockFile 2ae14c84-morgan-1-6-1 morgan@~1.6.1
250 silly lockFile 2ae14c84-morgan-1-6-1 morgan@~1.6.1
251 http 200 https://registry.npmjs.org/express
252 silly registry.get cb [ 200,
252 silly registry.get   { server: 'CouchDB/1.5.0 (Erlang OTP/R16B03)',
252 silly registry.get     etag: '"3OF34H4RUV419M4C9XRS2H44I"',
252 silly registry.get     'content-type': 'application/json',
252 silly registry.get     'cache-control': 'max-age=300',
252 silly registry.get     'content-length': '535246',
252 silly registry.get     'accept-ranges': 'bytes',
252 silly registry.get     date: 'Mon, 28 Mar 2016 15:51:00 GMT',
252 silly registry.get     via: '1.1 varnish',
252 silly registry.get     age: '132',
252 silly registry.get     connection: 'keep-alive',
252 silly registry.get     'x-served-by': 'cache-ord1726-ORD',
252 silly registry.get     'x-cache': 'HIT',
252 silly registry.get     'x-cache-hits': '3',
252 silly registry.get     'x-timer': 'S1459180260.518928,VS0,VE0',
252 silly registry.get     vary: 'Accept' } ]
253 silly addNameRange number 2 { name: 'express', range: '>=4.13.1-0 <4.14.0-0', hasData: true }
254 silly addNameRange versions [ 'express',
254 silly addNameRange   [ '0.14.0',
254 silly addNameRange     '0.14.1',
254 silly addNameRange     '1.0.0',
254 silly addNameRange     '1.0.1',
254 silly addNameRange     '1.0.2',
254 silly addNameRange     '1.0.3',
254 silly addNameRange     '1.0.4',
254 silly addNameRange     '1.0.5',
254 silly addNameRange     '1.0.6',
254 silly addNameRange     '1.0.7',
254 silly addNameRange     '1.0.8',
254 silly addNameRange     '2.0.0',
254 silly addNameRange     '2.1.0',
254 silly addNameRange     '2.1.1',
254 silly addNameRange     '2.2.0',
254 silly addNameRange     '2.2.1',
254 silly addNameRange     '2.2.2',
254 silly addNameRange     '2.3.0',
254 silly addNameRange     '2.3.1',
254 silly addNameRange     '2.3.2',
254 silly addNameRange     '2.3.3',
254 silly addNameRange     '2.3.4',
254 silly addNameRange     '2.3.5',
254 silly addNameRange     '2.3.6',
254 silly addNameRange     '2.3.7',
254 silly addNameRange     '2.3.8',
254 silly addNameRange     '2.3.9',
254 silly addNameRange     '2.3.10',
254 silly addNameRange     '2.3.11',
254 silly addNameRange     '2.3.12',
254 silly addNameRange     '2.4.0',
254 silly addNameRange     '2.4.1',
254 silly addNameRange     '2.4.2',
254 silly addNameRange     '2.4.3',
254 silly addNameRange     '2.4.4',
254 silly addNameRange     '2.4.5',
254 silly addNameRange     '2.4.6',
254 silly addNameRange     '2.4.7',
254 silly addNameRange     '2.5.0',
254 silly addNameRange     '2.5.1',
254 silly addNameRange     '2.5.2',
254 silly addNameRange     '2.5.3',
254 silly addNameRange     '2.5.4',
254 silly addNameRange     '2.5.5',
254 silly addNameRange     '2.5.6',
254 silly addNameRange     '2.5.7',
254 silly addNameRange     '2.5.8',
254 silly addNameRange     '2.5.9',
254 silly addNameRange     '2.5.10',
254 silly addNameRange     '2.5.11',
254 silly addNameRange     '3.0.0',
254 silly addNameRange     '3.0.1',
254 silly addNameRange     '3.0.2',
254 silly addNameRange     '3.0.3',
254 silly addNameRange     '3.0.4',
254 silly addNameRange     '3.0.5',
254 silly addNameRange     '3.0.6',
254 silly addNameRange     '3.1.0',
254 silly addNameRange     '3.1.1',
254 silly addNameRange     '3.1.2',
254 silly addNameRange     '3.2.0',
254 silly addNameRange     '3.2.1',
254 silly addNameRange     '3.2.2',
254 silly addNameRange     '3.2.3',
254 silly addNameRange     '3.2.4',
254 silly addNameRange     '3.2.5',
254 silly addNameRange     '3.2.6',
254 silly addNameRange     '3.3.0',
254 silly addNameRange     '3.3.1',
254 silly addNameRange     '3.3.2',
254 silly addNameRange     '3.3.3',
254 silly addNameRange     '3.3.4',
254 silly addNameRange     '3.3.5',
254 silly addNameRange     '3.3.6',
254 silly addNameRange     '1.0.0-beta',
254 silly addNameRange     '1.0.0-beta2',
254 silly addNameRange     '1.0.0-rc',
254 silly addNameRange     '1.0.0-rc2',
254 silly addNameRange     '1.0.0-rc3',
254 silly addNameRange     '1.0.0-rc4',
254 silly addNameRange     '2.0.0-beta',
254 silly addNameRange     '2.0.0-beta2',
254 silly addNameRange     '2.0.0-beta3',
254 silly addNameRange     '2.0.0-rc',
254 silly addNameRange     '2.0.0-rc2',
254 silly addNameRange     '2.0.0-rc3',
254 silly addNameRange     '3.0.0-alpha1',
254 silly addNameRange     '3.0.0-alpha2',
254 silly addNameRange     '3.0.0-alpha3',
254 silly addNameRange     '3.0.0-alpha4',
254 silly addNameRange     '3.0.0-alpha5',
254 silly addNameRange     '3.0.0-beta1',
254 silly addNameRange     '3.0.0-beta2',
254 silly addNameRange     '3.0.0-beta3',
254 silly addNameRange     '3.0.0-beta4',
254 silly addNameRange     '3.0.0-beta6',
254 silly addNameRange     '3.0.0-beta7',
254 silly addNameRange     '3.0.0-rc1',
254 silly addNameRange     '3.0.0-rc2',
254 silly addNameRange     '3.0.0-rc3',
254 silly addNameRange     '3.0.0-rc4',
254 silly addNameRange     '3.0.0-rc5',
254 silly addNameRange     '3.3.7',
254 silly addNameRange     '3.3.8',
254 silly addNameRange     '3.4.0',
254 silly addNameRange     '3.4.1',
254 silly addNameRange     '3.4.2',
254 silly addNameRange     '3.4.3',
254 silly addNameRange     '3.4.4',
254 silly addNameRange     '3.4.5',
254 silly addNameRange     '3.4.6',
254 silly addNameRange     '3.4.7',
254 silly addNameRange     '3.4.8',
254 silly addNameRange     '4.0.0-rc1',
254 silly addNameRange     '4.0.0-rc2',
254 silly addNameRange     '3.5.0',
254 silly addNameRange     '4.0.0-rc3',
254 silly addNameRange     '4.0.0-rc4',
254 silly addNameRange     '3.5.1',
254 silly addNameRange     '4.0.0',
254 silly addNameRange     '3.5.2',
254 silly addNameRange     '4.1.0',
254 silly addNameRange     '4.1.1',
254 silly addNameRange     '3.5.3',
254 silly addNameRange     '4.1.2',
254 silly addNameRange     '3.6.0',
254 silly addNameRange     '4.2.0',
254 silly addNameRange     '3.7.0',
254 silly addNameRange     '3.8.0',
254 silly addNameRange     '4.3.0',
254 silly addNameRange     '4.3.1',
254 silly addNameRange     '3.8.1',
254 silly addNameRange     '4.3.2',
254 silly addNameRange     '3.9.0',
254 silly addNameRange     '4.4.0',
254 silly addNameRange     '4.4.1',
254 silly addNameRange     '3.10.0',
254 silly addNameRange     '3.10.1',
254 silly addNameRange     '3.10.2',
254 silly addNameRange     '3.10.3',
254 silly addNameRange     '3.10.4',
254 silly addNameRange     '4.4.2',
254 silly addNameRange     '3.10.5',
254 silly addNameRange     '4.4.3',
254 silly addNameRange     '3.11.0',
254 silly addNameRange     '4.4.4',
254 silly addNameRange     '3.12.0',
254 silly addNameRange     '3.12.1',
254 silly addNameRange     '4.4.5',
254 silly addNameRange     '3.13.0',
254 silly addNameRange     '4.5.0',
254 silly addNameRange     '4.5.1',
254 silly addNameRange     '3.14.0',
254 silly addNameRange     '4.6.0',
254 silly addNameRange     '4.6.1',
254 silly addNameRange     '3.15.0',
254 silly addNameRange     '4.7.0',
254 silly addNameRange     '3.15.1',
254 silly addNameRange     '4.7.1',
254 silly addNameRange     '3.15.2',
254 silly addNameRange     '4.7.2',
254 silly addNameRange     '4.7.3',
254 silly addNameRange     '3.15.3',
254 silly addNameRange     '4.7.4',
254 silly addNameRange     '3.16.0',
254 silly addNameRange     '4.8.0',
254 silly addNameRange     '3.16.1',
254 silly addNameRange     '4.8.1',
254 silly addNameRange     '3.16.2',
254 silly addNameRange     '4.8.2',
254 silly addNameRange     '3.16.3',
254 silly addNameRange     '3.16.4',
254 silly addNameRange     '4.8.3',
254 silly addNameRange     '3.16.5',
254 silly addNameRange     '3.16.6',
254 silly addNameRange     '4.8.4',
254 silly addNameRange     '3.16.7',
254 silly addNameRange     '4.8.5',
254 silly addNameRange     '3.16.8',
254 silly addNameRange     '4.8.6',
254 silly addNameRange     '3.16.9',
254 silly addNameRange     '4.8.7',
254 silly addNameRange     '3.16.10',
254 silly addNameRange     '4.8.8',
254 silly addNameRange     '3.17.0',
254 silly addNameRange     '3.17.1',
254 silly addNameRange     '4.9.0',
254 silly addNameRange     '3.17.2',
254 silly addNameRange     '4.9.1',
254 silly addNameRange     '4.9.2',
254 silly addNameRange     '3.17.3',
254 silly addNameRange     '4.9.3',
254 silly addNameRange     '3.17.4',
254 silly addNameRange     '4.9.4',
254 silly addNameRange     '3.17.5',
254 silly addNameRange     '4.9.5',
254 silly addNameRange     '3.17.6',
254 silly addNameRange     '3.17.7',
254 silly addNameRange     '4.9.6',
254 silly addNameRange     '4.9.7',
254 silly addNameRange     '3.17.8',
254 silly addNameRange     '4.9.8',
254 silly addNameRange     '3.18.0',
254 silly addNameRange     '3.18.1',
254 silly addNameRange     '4.10.0',
254 silly addNameRange     '3.18.2',
254 silly addNameRange     '4.10.1',
254 silly addNameRange     '5.0.0-alpha.1',
254 silly addNameRange     '3.18.3',
254 silly addNameRange     '4.10.2',
254 silly addNameRange     '3.18.4',
254 silly addNameRange     '4.10.3',
254 silly addNameRange     '4.10.4',
254 silly addNameRange     '4.10.5',
254 silly addNameRange     '3.18.5',
254 silly addNameRange     '3.18.6',
254 silly addNameRange     '4.10.6',
254 silly addNameRange     '4.10.7',
254 silly addNameRange     '3.19.0',
254 silly addNameRange     '4.10.8',
254 silly addNameRange     '4.11.0',
254 silly addNameRange     '3.19.1',
254 silly addNameRange     '4.11.1',
254 silly addNameRange     '3.19.2',
254 silly addNameRange     '4.11.2',
254 silly addNameRange     '3.20.0',
254 silly addNameRange     '4.12.0',
254 silly addNameRange     '3.20.1',
254 silly addNameRange     '4.12.1',
254 silly addNameRange     '4.12.2',
254 silly addNameRange     '3.20.2',
254 silly addNameRange     '4.12.3',
254 silly addNameRange     '3.20.3',
254 silly addNameRange     '4.12.4',
254 silly addNameRange     '3.21.0',
254 silly addNameRange     '4.13.0',
254 silly addNameRange     '3.21.1',
254 silly addNameRange     '4.13.1',
254 silly addNameRange     '5.0.0-alpha.2',
254 silly addNameRange     '3.21.2',
254 silly addNameRange     '4.13.2',
254 silly addNameRange     '4.13.3',
254 silly addNameRange     '4.13.4' ] ]
255 verbose addNamed [ 'express', '4.13.4' ]
256 verbose addNamed [ '4.13.4', '4.13.4' ]
257 silly lockFile 23607823-express-4-13-4 express@4.13.4
258 verbose lock express@4.13.4 /home/osboxes/.npm/23607823-express-4-13-4.lock
259 silly lockFile 23607823-express-4-13-4 express@4.13.4
260 silly lockFile 23607823-express-4-13-4 express@4.13.4
261 silly lockFile 0f2aa542-express-4-13-1 express@~4.13.1
262 silly lockFile 0f2aa542-express-4-13-1 express@~4.13.1
263 http 200 https://registry.npmjs.org/jade/-/jade-1.11.0.tgz
264 silly lockFile d7f8e295-y-npmjs-org-jade-jade-1-11-0-tgz https://registry.npmjs.org/jade/-/jade-1.11.0.tgz
265 silly lockFile d7f8e295-y-npmjs-org-jade-jade-1-11-0-tgz https://registry.npmjs.org/jade/-/jade-1.11.0.tgz
266 silly lockFile 3da033ff-jade-1-11-0 jade@1.11.0
267 silly lockFile 3da033ff-jade-1-11-0 jade@1.11.0
268 silly lockFile 963bf43e-jade-1-11-0 jade@~1.11.0
269 silly lockFile 963bf43e-jade-1-11-0 jade@~1.11.0
270 error Error: EACCES, mkdir '/home/osboxes/.npm/jade/1.11.0'
270 error  { [Error: EACCES, mkdir '/home/osboxes/.npm/jade/1.11.0']
270 error   errno: 3,
270 error   code: 'EACCES',
270 error   path: '/home/osboxes/.npm/jade/1.11.0',
270 error   parent: 'nodetest1' }
271 error Please try running this command again as root/Administrator.
272 error System Linux 3.16.0-67-generic
273 error command "/usr/bin/node" "/usr/bin/npm" "install"
274 error cwd /home/osboxes/nodetest1
275 error node -v v0.10.37
276 error npm -v 1.4.28
277 error path /home/osboxes/.npm/jade/1.11.0
278 error code EACCES
279 error errno 3
280 error stack Error: EACCES, mkdir '/home/osboxes/.npm/jade/1.11.0'
281 verbose exit [ 3, true ]
